d:\常用文件\c++课程设计\curriculumdesignmanagement\curriculumdesignmanagement\curriculumdesignmanagement\debug\curriculumdesignmanagement.pch
d:\常用文件\c++课程设计\curriculumdesignmanagement\curriculumdesignmanagement\curriculumdesignmanagement\debug\vc141.pdb
d:\常用文件\c++课程设计\curriculumdesignmanagement\curriculumdesignmanagement\curriculumdesignmanagement\debug\vc141.idb
d:\常用文件\c++课程设计\curriculumdesignmanagement\curriculumdesignmanagement\curriculumdesignmanagement\debug\stdafx.obj
d:\常用文件\c++课程设计\curriculumdesignmanagement\curriculumdesignmanagement\curriculumdesignmanagement\debug\curriculumdesignmanagement.obj
d:\常用文件\c++课程设计\curriculumdesignmanagement\curriculumdesignmanagement\curriculumdesignmanagement\debug\connectionaccess.obj
d:\常用文件\c++课程设计\curriculumdesignmanagement\curriculumdesignmanagement\curriculumdesignmanagement\debug\curriculumdesignmanagement.obj.enc
d:\常用文件\c++课程设计\curriculumdesignmanagement\curriculumdesignmanagement\curriculumdesignmanagement\debug\msado15.tli
d:\常用文件\c++课程设计\curriculumdesignmanagement\curriculumdesignmanagement\curriculumdesignmanagement\debug\msado15.tlh
d:\常用文件\c++课程设计\curriculumdesignmanagement\curriculumdesignmanagement\debug\curriculumdesignmanagement.pdb
d:\常用文件\c++课程设计\curriculumdesignmanagement\curriculumdesignmanagement\curriculumdesignmanagement\debug\curricul.cb0e0e5a.tlog\cl.command.1.tlog
d:\常用文件\c++课程设计\curriculumdesignmanagement\curriculumdesignmanagement\curriculumdesignmanagement\debug\curricul.cb0e0e5a.tlog\cl.read.1.tlog
d:\常用文件\c++课程设计\curriculumdesignmanagement\curriculumdesignmanagement\curriculumdesignmanagement\debug\curricul.cb0e0e5a.tlog\cl.write.1.tlog
d:\常用文件\c++课程设计\curriculumdesignmanagement\curriculumdesignmanagement\curriculumdesignmanagement\debug\curricul.cb0e0e5a.tlog\link.8216-cvtres.read.1.tlog
d:\常用文件\c++课程设计\curriculumdesignmanagement\curriculumdesignmanagement\curriculumdesignmanagement\debug\curricul.cb0e0e5a.tlog\link.8216-cvtres.write.1.tlog
d:\常用文件\c++课程设计\curriculumdesignmanagement\curriculumdesignmanagement\curriculumdesignmanagement\debug\curricul.cb0e0e5a.tlog\link.8216-rc.read.1.tlog
d:\常用文件\c++课程设计\curriculumdesignmanagement\curriculumdesignmanagement\curriculumdesignmanagement\debug\curricul.cb0e0e5a.tlog\link.8216-rc.write.1.tlog
d:\常用文件\c++课程设计\curriculumdesignmanagement\curriculumdesignmanagement\curriculumdesignmanagement\debug\curricul.cb0e0e5a.tlog\link.8216.read.1.tlog
d:\常用文件\c++课程设计\curriculumdesignmanagement\curriculumdesignmanagement\curriculumdesignmanagement\debug\curricul.cb0e0e5a.tlog\link.8216.write.1.tlog
d:\常用文件\c++课程设计\curriculumdesignmanagement\curriculumdesignmanagement\curriculumdesignmanagement\debug\curricul.cb0e0e5a.tlog\link.command.1.tlog
d:\常用文件\c++课程设计\curriculumdesignmanagement\curriculumdesignmanagement\curriculumdesignmanagement\debug\curricul.cb0e0e5a.tlog\link.read.1.tlog
d:\常用文件\c++课程设计\curriculumdesignmanagement\curriculumdesignmanagement\curriculumdesignmanagement\debug\curricul.cb0e0e5a.tlog\link.write.1.tlog
